<?xml version="1.0" encoding="UTF-8"?>
<robot generator="Robot 7.0 (Python 3.12.3 on win32)" generated="2024-05-21T17:20:05.240757" rpa="false" schemaversion="5">
<suite id="s1" name="TestOperators" source="C:\Python\SampleTest2_RobotFramework\Tests\TestOperators.robot">
<test id="s1-t1" name="Addition Test" line="11">
<kw name="Evaluate" owner="BuiltIn">
<msg time="2024-05-21T17:20:05.351079" level="INFO">${result} = 6</msg>
<var>${result}</var>
<arg>${A} + ${B}</arg>
<doc>Evaluates the given expression in Python and returns the result.</doc>
<status status="PASS" start="2024-05-21T17:20:05.351079" elapsed="0.000000"/>
</kw>
<kw name="Should Be Equal As Numbers" owner="BuiltIn">
<msg time="2024-05-21T17:20:05.351079" level="INFO">Argument types are:
&lt;class 'int'&gt;
&lt;class 'str'&gt;</msg>
<arg>${result}</arg>
<arg>6</arg>
<doc>Fails if objects are unequal after converting them to real numbers.</doc>
<status status="PASS" start="2024-05-21T17:20:05.351079" elapsed="0.000000"/>
</kw>
<doc>Check the addition of the two numbers.</doc>
<status status="PASS" start="2024-05-21T17:20:05.346565" elapsed="0.004514"/>
</test>
<test id="s1-t2" name="Subtraction Test" line="16">
<kw name="Evaluate" owner="BuiltIn">
<msg time="2024-05-21T17:20:05.351079" level="INFO">${result} = 2</msg>
<var>${result}</var>
<arg>${A} - ${B}</arg>
<doc>Evaluates the given expression in Python and returns the result.</doc>
<status status="PASS" start="2024-05-21T17:20:05.351079" elapsed="0.000000"/>
</kw>
<kw name="Should Be Equal As Numbers" owner="BuiltIn">
<msg time="2024-05-21T17:20:05.351079" level="INFO">Argument types are:
&lt;class 'int'&gt;
&lt;class 'str'&gt;</msg>
<arg>${result}</arg>
<arg>2</arg>
<doc>Fails if objects are unequal after converting them to real numbers.</doc>
<status status="PASS" start="2024-05-21T17:20:05.351079" elapsed="0.000000"/>
</kw>
<doc>Check the subtraction of the two numbers.</doc>
<status status="PASS" start="2024-05-21T17:20:05.351079" elapsed="0.000000"/>
</test>
<test id="s1-t3" name="Multiplication Test" line="21">
<kw name="Evaluate" owner="BuiltIn">
<msg time="2024-05-21T17:20:05.351079" level="INFO">${result} = 8</msg>
<var>${result}</var>
<arg>${A} * ${B}</arg>
<doc>Evaluates the given expression in Python and returns the result.</doc>
<status status="PASS" start="2024-05-21T17:20:05.351079" elapsed="0.000000"/>
</kw>
<kw name="Should Be Equal As Numbers" owner="BuiltIn">
<msg time="2024-05-21T17:20:05.351079" level="INFO">Argument types are:
&lt;class 'int'&gt;
&lt;class 'str'&gt;</msg>
<arg>${result}</arg>
<arg>8</arg>
<doc>Fails if objects are unequal after converting them to real numbers.</doc>
<status status="PASS" start="2024-05-21T17:20:05.351079" elapsed="0.000000"/>
</kw>
<doc>Check the multiplication of the two numbers.</doc>
<status status="PASS" start="2024-05-21T17:20:05.351079" elapsed="0.000000"/>
</test>
<test id="s1-t4" name="Division Test" line="26">
<kw name="Evaluate" owner="BuiltIn">
<msg time="2024-05-21T17:20:05.351079" level="INFO">${result} = 2.0</msg>
<var>${result}</var>
<arg>${A} / ${B}</arg>
<doc>Evaluates the given expression in Python and returns the result.</doc>
<status status="PASS" start="2024-05-21T17:20:05.351079" elapsed="0.000000"/>
</kw>
<kw name="Should Be Equal As Numbers" owner="BuiltIn">
<msg time="2024-05-21T17:20:05.351079" level="INFO">Argument types are:
&lt;class 'float'&gt;
&lt;class 'str'&gt;</msg>
<arg>${result}</arg>
<arg>2</arg>
<doc>Fails if objects are unequal after converting them to real numbers.</doc>
<status status="PASS" start="2024-05-21T17:20:05.351079" elapsed="0.000000"/>
</kw>
<doc>Check the division of the two numbers.</doc>
<status status="PASS" start="2024-05-21T17:20:05.351079" elapsed="0.000000"/>
</test>
<test id="s1-t5" name="Power Test1" line="31">
<kw name="Evaluate" owner="BuiltIn">
<msg time="2024-05-21T17:20:05.351079" level="INFO">${result} = 16</msg>
<var>${result}</var>
<arg>pow(${A}, 2)</arg>
<doc>Evaluates the given expression in Python and returns the result.</doc>
<status status="PASS" start="2024-05-21T17:20:05.351079" elapsed="0.000000"/>
</kw>
<kw name="Should Be Equal As Numbers" owner="BuiltIn">
<msg time="2024-05-21T17:20:05.351079" level="INFO">Argument types are:
&lt;class 'int'&gt;
&lt;class 'str'&gt;</msg>
<arg>${result}</arg>
<arg>16</arg>
<doc>Fails if objects are unequal after converting them to real numbers.</doc>
<status status="PASS" start="2024-05-21T17:20:05.351079" elapsed="0.000000"/>
</kw>
<doc>Check the power of A.</doc>
<status status="PASS" start="2024-05-21T17:20:05.351079" elapsed="0.000000"/>
</test>
<test id="s1-t6" name="Power Test2" line="36">
<kw name="Evaluate" owner="BuiltIn">
<msg time="2024-05-21T17:20:05.351079" level="INFO">${result} = 4</msg>
<var>${result}</var>
<arg>pow(${B}, 2)</arg>
<doc>Evaluates the given expression in Python and returns the result.</doc>
<status status="PASS" start="2024-05-21T17:20:05.351079" elapsed="0.000000"/>
</kw>
<kw name="Should Be Equal As Numbers" owner="BuiltIn">
<msg time="2024-05-21T17:20:05.351079" level="INFO">Argument types are:
&lt;class 'int'&gt;
&lt;class 'str'&gt;</msg>
<arg>${result}</arg>
<arg>4</arg>
<doc>Fails if objects are unequal after converting them to real numbers.</doc>
<status status="PASS" start="2024-05-21T17:20:05.351079" elapsed="0.000000"/>
</kw>
<doc>Check the power of B.</doc>
<status status="PASS" start="2024-05-21T17:20:05.351079" elapsed="0.000000"/>
</test>
<test id="s1-t7" name="Square Root Test1" line="41">
<kw name="Evaluate" owner="BuiltIn">
<msg time="2024-05-21T17:20:05.351079" level="INFO">${result} = 2.0</msg>
<var>${result}</var>
<arg>math.sqrt(${A})</arg>
<doc>Evaluates the given expression in Python and returns the result.</doc>
<status status="PASS" start="2024-05-21T17:20:05.351079" elapsed="0.000000"/>
</kw>
<kw name="Should Be Equal As Numbers" owner="BuiltIn">
<msg time="2024-05-21T17:20:05.351079" level="INFO">Argument types are:
&lt;class 'float'&gt;
&lt;class 'str'&gt;</msg>
<arg>${result}</arg>
<arg>2</arg>
<doc>Fails if objects are unequal after converting them to real numbers.</doc>
<status status="PASS" start="2024-05-21T17:20:05.351079" elapsed="0.000000"/>
</kw>
<doc>Check the square of A.</doc>
<status status="PASS" start="2024-05-21T17:20:05.351079" elapsed="0.000000"/>
</test>
<test id="s1-t8" name="Square Root Test2" line="46">
<kw name="Evaluate" owner="BuiltIn">
<msg time="2024-05-21T17:20:05.351079" level="INFO">${result} = 1.41</msg>
<var>${result}</var>
<arg>round(math.sqrt(${B}),2)</arg>
<doc>Evaluates the given expression in Python and returns the result.</doc>
<status status="PASS" start="2024-05-21T17:20:05.351079" elapsed="0.000000"/>
</kw>
<kw name="Should Be Equal As Numbers" owner="BuiltIn">
<msg time="2024-05-21T17:20:05.351079" level="INFO">Argument types are:
&lt;class 'float'&gt;
&lt;class 'str'&gt;</msg>
<arg>${result}</arg>
<arg>1.41</arg>
<doc>Fails if objects are unequal after converting them to real numbers.</doc>
<status status="PASS" start="2024-05-21T17:20:05.351079" elapsed="0.000000"/>
</kw>
<doc>Check the square of B.</doc>
<status status="PASS" start="2024-05-21T17:20:05.351079" elapsed="0.000000"/>
</test>
<doc>Test all the mathematic operators</doc>
<status status="PASS" start="2024-05-21T17:20:05.246263" elapsed="0.104816"/>
</suite>
<statistics>
<total>
<stat pass="8" fail="0" skip="0">All Tests</stat>
</total>
<tag>
</tag>
<suite>
<stat pass="8" fail="0" skip="0" id="s1" name="TestOperators">TestOperators</stat>
</suite>
</statistics>
<errors>
<msg time="2024-05-21T17:20:05.346565" level="ERROR">Error in file 'C:\Python\SampleTest2_RobotFramework\Tests\TestOperators.robot' on line 4: Importing library 'Math' failed: ModuleNotFoundError: No module named 'Math'
Traceback (most recent call last):
  None
PYTHONPATH:
  C:\Python\SampleTest2_RobotFramework\.venv\Scripts\robot.exe
  C:\Program Files\WindowsApps\PythonSoftwareFoundation.Python.3.12_3.12.1008.0_x64__qbz5n2kfra8p0\python312.zip
  C:\Program Files\WindowsApps\PythonSoftwareFoundation.Python.3.12_3.12.1008.0_x64__qbz5n2kfra8p0\DLLs
  C:\Program Files\WindowsApps\PythonSoftwareFoundation.Python.3.12_3.12.1008.0_x64__qbz5n2kfra8p0\Lib
  C:\Program Files\WindowsApps\PythonSoftwareFoundation.Python.3.12_3.12.1008.0_x64__qbz5n2kfra8p0
  C:\Python\SampleTest2_RobotFramework\.venv
  C:\Python\SampleTest2_RobotFramework\.venv\Lib\site-packages</msg>
</errors>
</robot>
